2021-09-29 05:10:01::: started
2021-09-29 05:14:55::: Record added successfully
2021-09-30 00:10:01::: started
2021-09-30 00:14:23::: Record added successfully
2021-10-01 05:10:02::: started
2021-10-01 05:14:09::: Record added successfully
2021-10-02 05:10:01::: started
2021-10-02 05:15:33::: Record added successfully
2021-10-03 05:10:01::: started
2021-10-03 05:15:32::: Record added successfully
2021-10-04 05:10:01::: started
2021-10-04 05:15:36::: Record added successfully
2021-10-05 05:10:02::: started
2021-10-05 05:14:26::: Record added successfully
2021-10-06 05:10:01::: started
2021-10-06 05:14:21::: Record added successfully
2021-10-07 05:10:01::: started cronjob
2021-10-07 05:14:19::: Finished Cronjob
2021-10-08 05:10:01::: started cronjob
2021-10-08 05:14:22::: Finished Cronjob
2021-10-09 05:10:01::: started cronjob
2021-10-09 05:14:24::: Finished Cronjob
2021-10-10 05:10:01::: started cronjob
2021-10-10 05:14:24::: Finished Cronjob
2021-10-11 05:10:01::: started cronjob
2021-10-11 05:14:26::: Finished Cronjob
2021-10-12 05:10:01::: started cronjob
2021-10-12 05:14:30::: Finished Cronjob
2021-10-13 05:10:01::: started cronjob
2021-10-13 05:14:29::: Finished Cronjob
2021-10-14 05:10:01::: started cronjob
2021-10-14 05:14:27::: Finished Cronjob
2021-10-15 05:10:01::: started cronjob
2021-10-15 05:14:29::: Finished Cronjob
2021-10-16 05:10:02::: started cronjob
2021-10-16 05:14:32::: Finished Cronjob
2021-10-17 05:10:01::: started cronjob
2021-10-17 05:14:26::: Finished Cronjob
2021-10-18 05:10:01::: started cronjob
2021-10-18 05:14:27::: Finished Cronjob
2021-10-19 05:10:02::: started cronjob
2021-10-19 05:14:37::: Finished Cronjob
2021-10-20 05:10:01::: started cronjob
2021-10-20 05:14:38::: Finished Cronjob
2021-10-21 05:10:01::: started cronjob
2021-10-21 05:14:46::: Finished Cronjob
2021-10-22 05:10:02::: started cronjob
2021-10-22 05:14:42::: Finished Cronjob
2021-10-23 05:10:01::: started cronjob
2021-10-23 05:14:40::: Finished Cronjob
2021-10-24 05:10:01::: started cronjob
2021-10-24 05:14:39::: Finished Cronjob
2021-10-25 05:10:01::: started cronjob
2021-10-25 05:14:42::: Finished Cronjob
2021-10-26 05:10:01::: started cronjob
2021-10-26 05:14:42::: Finished Cronjob
2021-10-27 05:10:01::: started cronjob
2021-10-27 05:14:46::: Finished Cronjob
2021-10-28 05:10:01::: started cronjob
2021-10-28 05:14:45::: Finished Cronjob
2021-10-29 05:10:01::: started cronjob
2021-10-29 05:14:47::: Finished Cronjob
2021-10-30 05:10:01::: started cronjob
2021-10-30 05:14:48::: Finished Cronjob
2021-10-31 05:10:01::: started cronjob
2021-10-31 05:14:48::: Finished Cronjob
2021-11-01 05:10:01::: started cronjob
2021-11-01 05:14:50::: Finished Cronjob
2021-11-02 05:10:01::: started cronjob
2021-11-02 05:14:50::: Finished Cronjob
2021-11-03 05:10:01::: started cronjob
2021-11-03 05:14:46::: Finished Cronjob
2021-11-04 05:10:01::: started cronjob
2021-11-04 05:14:51::: Finished Cronjob
2021-11-05 05:10:01::: started cronjob
2021-11-05 05:15:10::: Finished Cronjob
2021-11-06 05:10:01::: started cronjob
2021-11-06 05:15:10::: Finished Cronjob
2021-11-07 05:10:01::: started cronjob
2021-11-07 05:14:56::: Finished Cronjob
2021-11-08 05:10:01::: started cronjob
2021-11-08 05:14:57::: Finished Cronjob
2021-11-09 05:10:01::: started cronjob
2021-11-09 05:14:58::: Finished Cronjob
2021-11-10 05:10:01::: started cronjob
2021-11-10 05:14:59::: Finished Cronjob
2021-11-11 05:10:01::: started cronjob
2021-11-11 05:15:01::: Finished Cronjob
2021-11-12 05:10:01::: started cronjob
2021-11-12 05:15:01::: Finished Cronjob
2021-11-13 05:10:01::: started cronjob
2021-11-13 05:15:03::: Finished Cronjob
2021-11-14 05:10:01::: started cronjob
2021-11-14 05:15:05::: Finished Cronjob
2021-11-15 05:10:01::: started cronjob
2021-11-15 05:15:04::: Finished Cronjob
2021-11-16 05:10:01::: started cronjob
2021-11-16 05:15:06::: Finished Cronjob
2021-11-17 05:10:01::: started cronjob
2021-11-17 05:15:06::: Finished Cronjob
2021-11-18 05:10:01::: started cronjob
2021-11-18 05:15:08::: Finished Cronjob
2021-11-19 05:10:02::: started cronjob
2021-11-19 05:15:09::: Finished Cronjob
2021-11-20 05:10:02::: started cronjob
2021-11-20 05:15:10::: Finished Cronjob
2021-11-21 05:10:01::: started cronjob
2021-11-21 05:15:12::: Finished Cronjob
2021-11-22 05:10:01::: started cronjob
2021-11-22 05:15:29::: Finished Cronjob
2021-11-23 05:10:01::: started cronjob
2021-11-23 05:15:11::: Finished Cronjob
2021-11-24 05:10:01::: started cronjob
2021-11-24 05:15:14::: Finished Cronjob
2021-11-25 05:10:02::: started cronjob
2021-11-25 05:15:17::: Finished Cronjob
2021-11-26 05:10:02::: started cronjob
2021-11-26 05:15:15::: Finished Cronjob
2021-11-27 05:10:01::: started cronjob
2021-11-27 05:15:17::: Finished Cronjob
2021-11-28 05:10:02::: started cronjob
2021-11-28 05:15:18::: Finished Cronjob
2021-11-29 05:10:01::: started cronjob
2021-11-29 05:15:23::: Finished Cronjob
2021-11-30 05:10:01::: started cronjob
2021-11-30 05:15:19::: Finished Cronjob
2021-12-01 05:10:02::: started cronjob
2021-12-01 05:15:21::: Finished Cronjob
2021-12-02 05:10:01::: started cronjob
2021-12-02 05:15:23::: Finished Cronjob
2021-12-03 05:10:01::: started cronjob
2021-12-03 05:15:27::: Finished Cronjob
2021-12-04 05:10:01::: started cronjob
2021-12-04 05:15:25::: Finished Cronjob
2021-12-05 05:10:02::: started cronjob
2021-12-05 05:15:24::: Finished Cronjob
2021-12-06 05:10:01::: started cronjob
2021-12-06 05:15:27::: Finished Cronjob
2021-12-07 05:10:02::: started cronjob
2021-12-07 05:15:29::: Finished Cronjob
2021-12-08 05:10:01::: started cronjob
2021-12-08 05:15:38::: Finished Cronjob
2021-12-09 05:10:01::: started cronjob
2021-12-09 05:15:30::: Finished Cronjob
2021-12-10 05:10:01::: started cronjob
2021-12-10 05:15:32::: Finished Cronjob
2021-12-11 05:10:01::: started cronjob
2021-12-11 05:15:36::: Finished Cronjob
2021-12-12 05:10:01::: started cronjob
2021-12-12 05:15:35::: Finished Cronjob
2021-12-13 05:10:01::: started cronjob
2021-12-13 05:15:34::: Finished Cronjob
2021-12-14 05:10:02::: started cronjob
2021-12-14 05:15:38::: Finished Cronjob
2021-12-15 05:10:01::: started cronjob
2021-12-15 05:15:36::: Finished Cronjob
2021-12-16 05:10:02::: started cronjob
2021-12-16 05:15:39::: Finished Cronjob
2021-12-17 05:10:01::: started cronjob
2021-12-17 05:15:37::: Finished Cronjob
2021-12-18 05:10:01::: started cronjob
2021-12-18 05:15:45::: Finished Cronjob
2021-12-19 05:10:02::: started cronjob
2021-12-19 05:15:44::: Finished Cronjob
2021-12-20 05:10:01::: started cronjob
2021-12-20 05:15:50::: Finished Cronjob
2021-12-21 05:10:01::: started cronjob
2021-12-21 05:15:49::: Finished Cronjob
2021-12-22 05:10:01::: started cronjob
2021-12-22 05:15:50::: Finished Cronjob
2021-12-23 05:10:02::: started cronjob
2021-12-23 05:15:53::: Finished Cronjob
2021-12-24 05:10:01::: started cronjob
2021-12-24 05:16:27::: Finished Cronjob
2021-12-25 05:10:01::: started cronjob
2021-12-25 05:16:24::: Finished Cronjob
2021-12-26 05:10:01::: started cronjob
2021-12-26 05:16:05::: Finished Cronjob
2021-12-27 05:10:01::: started cronjob
2021-12-27 05:16:12::: Finished Cronjob
2021-12-28 05:10:02::: started cronjob
2021-12-28 05:16:17::: Finished Cronjob
2021-12-29 05:10:01::: started cronjob
2021-12-29 05:16:10::: Finished Cronjob
2021-12-30 05:10:02::: started cronjob
2021-12-30 05:16:29::: Finished Cronjob
2021-12-31 05:10:02::: started cronjob
2021-12-31 05:16:10::: Finished Cronjob
2022-01-01 05:10:01::: started cronjob
2022-01-01 05:16:10::: Finished Cronjob
2022-01-02 05:10:01::: started cronjob
2022-01-02 05:16:47::: Finished Cronjob
2022-01-03 05:10:01::: started cronjob
2022-01-03 05:16:49::: Finished Cronjob
2022-01-04 05:10:01::: started cronjob
2022-01-04 05:16:33::: Finished Cronjob
2022-01-05 05:10:01::: started cronjob
2022-01-05 05:16:23::: Finished Cronjob
2022-01-06 05:10:01::: started cronjob
2022-01-06 05:18:07::: Finished Cronjob
2022-01-07 05:10:01::: started cronjob
2022-01-07 05:20:37::: Finished Cronjob
2022-01-08 05:10:01::: started cronjob
2022-01-08 05:17:25::: Finished Cronjob
2022-01-09 05:10:01::: started cronjob
2022-01-09 05:18:32::: Finished Cronjob
2022-01-10 05:10:02::: started cronjob
2022-01-10 05:19:17::: Finished Cronjob
2022-01-11 05:10:02::: started cronjob
2022-01-11 05:17:16::: Finished Cronjob
2022-01-12 05:10:01::: started cronjob
2022-01-12 05:17:46::: Finished Cronjob
2022-01-13 05:10:01::: started cronjob
2022-01-13 05:17:51::: Finished Cronjob
2022-01-14 05:10:01::: started cronjob
2022-01-14 05:18:02::: Finished Cronjob
2022-01-15 05:10:01::: started cronjob
2022-01-15 05:17:35::: Finished Cronjob
2022-01-16 05:10:01::: started cronjob
2022-01-16 05:17:47::: Finished Cronjob
2022-01-17 05:10:01::: started cronjob
2022-01-17 05:18:15::: Finished Cronjob
2022-01-18 05:10:01::: started cronjob
2022-01-18 05:18:18::: Finished Cronjob
2022-01-19 05:10:01::: started cronjob
2022-01-19 05:20:05::: Finished Cronjob
2022-01-20 05:10:02::: started cronjob
2022-01-20 05:17:23::: Finished Cronjob
2022-01-21 05:10:01::: started cronjob
2022-01-21 05:17:12::: Finished Cronjob
2022-01-22 05:10:01::: started cronjob
2022-01-22 05:17:28::: Finished Cronjob
2022-01-23 05:10:01::: started cronjob
2022-01-23 05:17:14::: Finished Cronjob
2022-01-24 05:10:01::: started cronjob
2022-01-24 05:17:14::: Finished Cronjob
2022-01-25 05:10:01::: started cronjob
2022-01-25 05:17:40::: Finished Cronjob
2022-01-26 05:10:02::: started cronjob
2022-01-26 05:17:22::: Finished Cronjob
2022-01-27 05:10:01::: started cronjob
2022-01-27 05:18:21::: Finished Cronjob
2022-01-28 05:10:02::: started cronjob
2022-01-28 05:17:55::: Finished Cronjob
2022-01-29 05:10:02::: started cronjob
2022-01-29 05:17:44::: Finished Cronjob
2022-01-30 05:10:02::: started cronjob
2022-01-30 05:17:23::: Finished Cronjob
2022-01-31 05:10:01::: started cronjob
2022-01-31 05:18:12::: Finished Cronjob
2022-02-01 05:10:01::: started cronjob
2022-02-01 05:17:26::: Finished Cronjob
2022-02-02 05:10:02::: started cronjob
2022-02-02 05:18:58::: Finished Cronjob
2022-02-03 05:10:01::: started cronjob
2022-02-03 05:17:28::: Finished Cronjob
2022-02-04 05:10:02::: started cronjob
2022-02-04 05:19:31::: Finished Cronjob
2022-02-05 05:10:01::: started cronjob
2022-02-05 05:17:51::: Finished Cronjob
2022-02-06 05:10:01::: started cronjob
2022-02-06 05:19:08::: Finished Cronjob
2022-02-07 05:10:01::: started cronjob
2022-02-07 05:18:47::: Finished Cronjob
2022-02-08 05:10:01::: started cronjob
2022-02-08 05:19:30::: Finished Cronjob
2022-02-09 05:10:01::: started cronjob
2022-02-09 05:18:40::: Finished Cronjob
2022-02-10 05:10:01::: started cronjob
2022-02-10 05:20:39::: Finished Cronjob
2022-02-11 05:10:01::: started cronjob
2022-02-11 05:19:15::: Finished Cronjob
2022-02-12 05:10:02::: started cronjob
2022-02-12 05:20:48::: Finished Cronjob
2022-02-13 05:10:01::: started cronjob
2022-02-13 05:18:53::: Finished Cronjob
2022-02-14 05:10:01::: started cronjob
2022-02-14 05:18:34::: Finished Cronjob
2022-02-15 05:10:01::: started cronjob
2022-02-15 05:19:04::: Finished Cronjob
2022-02-16 05:10:02::: started cronjob
2022-02-16 05:10:02:::SQLSTATE[42000]: Syntax error or access violation: 1305 PROCEDURE deikho_charging.daily_report_for_jazz does not exist (SQL: CALL daily_report_for_jazz('2022-02-15'))
2022-02-17 05:10:01::: started cronjob
2022-02-17 05:10:01:::SQLSTATE[42000]: Syntax error or access violation: 1305 PROCEDURE deikho_charging.daily_report_for_jazz does not exist (SQL: CALL daily_report_for_jazz('2022-02-16'))
2022-02-18 05:10:01::: started cronjob
2022-02-18 05:10:01:::SQLSTATE[42000]: Syntax error or access violation: 1305 PROCEDURE deikho_charging.daily_report_for_jazz does not exist (SQL: CALL daily_report_for_jazz('2022-02-17'))
2022-02-19 05:10:01::: started cronjob
2022-02-19 05:47:43::: Finished Cronjob
2022-02-20 05:10:02::: started cronjob
2022-02-20 05:45:50::: Finished Cronjob
2022-02-21 05:10:02::: started cronjob
2022-02-21 05:47:12::: Finished Cronjob
2022-02-22 05:10:01::: started cronjob
2022-02-22 05:43:09::: Finished Cronjob
2022-02-23 05:10:01::: started cronjob
2022-02-23 05:48:43::: Finished Cronjob
2022-02-24 05:10:01::: started cronjob
2022-02-24 05:49:15::: Finished Cronjob
2022-02-25 05:10:02::: started cronjob
2022-02-25 05:48:48::: Finished Cronjob
2022-02-26 05:10:01::: started cronjob
2022-02-26 05:48:26::: Finished Cronjob
2022-02-27 05:10:01::: started cronjob
2022-02-27 05:49:12::: Finished Cronjob
2022-02-28 05:10:02::: started cronjob
2022-02-28 05:49:44::: Finished Cronjob
2022-03-01 05:10:01::: started cronjob
2022-03-01 05:49:35::: Finished Cronjob
2022-03-02 05:10:01::: started cronjob
2022-03-02 05:44:35::: Finished Cronjob
2022-03-03 05:10:01::: started cronjob
2022-03-03 05:44:19::: Finished Cronjob
2022-03-04 05:10:01::: started cronjob
2022-03-04 05:49:43::: Finished Cronjob
2022-03-05 05:10:01::: started cronjob
2022-03-05 05:51:40::: Finished Cronjob
2022-03-06 05:10:02::: started cronjob
2022-03-06 05:48:08::: Finished Cronjob
2022-03-07 05:10:01::: started cronjob
2022-03-07 05:48:37::: Finished Cronjob
2022-03-08 05:10:01::: started cronjob
2022-03-08 05:48:56::: Finished Cronjob
2022-03-09 05:10:01::: started cronjob
2022-03-09 05:48:58::: Finished Cronjob
2022-03-10 05:10:01::: started cronjob
2022-03-10 05:50:56::: Finished Cronjob
2022-03-11 05:10:01::: started cronjob
2022-03-11 05:46:43::: Finished Cronjob
2022-03-12 05:10:01::: started cronjob
2022-03-12 05:46:24::: Finished Cronjob
2022-03-13 05:10:02::: started cronjob
2022-03-13 05:51:00::: Finished Cronjob
2022-03-14 05:10:01::: started cronjob
2022-03-14 05:51:06::: Finished Cronjob
2022-03-15 05:10:01::: started cronjob
2022-03-15 05:51:53::: Finished Cronjob
2022-03-16 05:10:01::: started cronjob
2022-03-16 05:46:01::: Finished Cronjob
2022-03-17 05:10:01::: started cronjob
2022-03-17 05:50:18::: Finished Cronjob
2022-03-18 05:10:01::: started cronjob
2022-03-18 05:50:55::: Finished Cronjob
2022-03-19 05:10:01::: started cronjob
2022-03-19 05:50:31::: Finished Cronjob
2022-03-20 05:10:01::: started cronjob
2022-03-20 05:52:14::: Finished Cronjob
2022-03-21 05:10:01::: started cronjob
2022-03-21 05:49:17::: Finished Cronjob
2022-03-22 05:10:01::: started cronjob
2022-03-22 05:52:36::: Finished Cronjob
2022-03-23 05:10:01::: started cronjob
2022-03-23 05:54:59::: Finished Cronjob
2022-03-24 05:10:01::: started cronjob
2022-03-24 05:54:36::: Finished Cronjob
2022-03-25 05:10:01::: started cronjob
2022-03-25 05:55:23::: Finished Cronjob
2022-03-26 05:10:01::: started cronjob
2022-03-26 05:54:06::: Finished Cronjob
2022-03-27 05:10:01::: started cronjob
2022-03-27 05:54:47::: Finished Cronjob
2022-03-28 05:10:01::: started cronjob
2022-03-28 06:08:12::: Finished Cronjob
2022-03-29 05:10:01::: started cronjob
2022-03-29 05:51:43::: Finished Cronjob
2022-03-30 05:10:01::: started cronjob
2022-03-30 05:54:25::: Finished Cronjob
2022-03-31 05:10:01::: started cronjob
2022-03-31 05:52:34::: Finished Cronjob
2022-04-01 05:10:01::: started cronjob
2022-04-01 05:53:37::: Finished Cronjob
2022-04-02 05:10:01::: started cronjob
2022-04-02 05:55:22::: Finished Cronjob
2022-04-03 05:10:01::: started cronjob
2022-04-03 05:54:53::: Finished Cronjob
2022-04-04 05:10:02::: started cronjob
2022-04-04 05:58:37::: Finished Cronjob
2022-04-05 05:10:02::: started cronjob
2022-04-05 05:58:06::: Finished Cronjob
2022-04-06 05:10:01::: started cronjob
2022-04-06 05:53:39::: Finished Cronjob
2022-04-07 05:10:01::: started cronjob
2022-04-07 05:56:03::: Finished Cronjob
2022-04-08 05:10:01::: started cronjob
2022-04-08 05:59:02::: Finished Cronjob
2022-04-09 05:10:01::: started cronjob
2022-04-09 06:00:33::: Finished Cronjob
2022-04-10 05:10:01::: started cronjob
2022-04-10 05:56:57::: Finished Cronjob
2022-04-11 05:10:01::: started cronjob
2022-04-11 05:56:09::: Finished Cronjob
2022-04-12 05:10:01::: started cronjob
2022-04-12 05:55:36::: Finished Cronjob
2022-04-13 05:10:01::: started cronjob
2022-04-13 05:56:40::: Finished Cronjob
2022-04-14 05:10:01::: started cronjob
2022-04-14 05:55:28::: Finished Cronjob
2022-04-15 05:10:01::: started cronjob
2022-04-15 05:57:47::: Finished Cronjob
2022-04-16 05:10:01::: started cronjob
2022-04-16 06:00:28::: Finished Cronjob
2022-04-17 05:10:01::: started cronjob
2022-04-17 05:56:52::: Finished Cronjob
2022-04-18 05:10:01::: started cronjob
2022-04-18 05:56:21::: Finished Cronjob
2022-04-19 05:10:01::: started cronjob
2022-04-19 05:59:16::: Finished Cronjob
2022-04-20 05:10:01::: started cronjob
2022-04-20 05:55:44::: Finished Cronjob
2022-04-21 05:10:01::: started cronjob
2022-04-21 05:54:52::: Finished Cronjob
2022-04-22 05:10:02::: started cronjob
2022-04-22 05:57:21::: Finished Cronjob
2022-04-23 05:10:01::: started cronjob
2022-04-23 06:00:51::: Finished Cronjob
2022-04-24 05:10:01::: started cronjob
2022-04-24 05:58:33::: Finished Cronjob
2022-04-25 05:10:01::: started cronjob
2022-04-25 05:59:32::: Finished Cronjob
2022-04-26 05:10:01::: started cronjob
2022-04-26 05:59:58::: Finished Cronjob
2022-04-26 11:40:01::: started cronjob
2022-04-26 12:44:01::: Finished Cronjob
2022-04-26 13:30:01::: started cronjob
2022-04-26 14:30:45::: Finished Cronjob
2022-04-27 10:10:02::: started cronjob
2022-04-27 10:10:02:::SQLSTATE[42S22]: Column not found: 1054 Unknown column 'amount' in 'field list' (SQL: CALL daily_report_new('2022-04-26'))
2022-04-28 10:10:01::: started cronjob
2022-04-28 10:10:01:::SQLSTATE[42S22]: Column not found: 1054 Unknown column 'amount' in 'field list' (SQL: CALL daily_report_new('2022-04-27'))
2022-04-29 05:10:01::: started cronjob
2022-04-29 06:00:28::: Finished Cronjob
2022-04-30 05:10:02::: started cronjob
2022-04-30 06:03:35::: Finished Cronjob
2022-05-01 05:10:01::: started cronjob
2022-05-01 05:59:37::: Finished Cronjob
2022-05-02 05:10:02::: started cronjob
2022-05-02 06:01:15::: Finished Cronjob
2022-05-03 05:10:01::: started cronjob
2022-05-03 06:01:14::: Finished Cronjob
2022-05-04 05:10:01::: started cronjob
2022-05-04 05:58:10::: Finished Cronjob
2022-05-05 05:10:01::: started cronjob
2022-05-05 05:58:19::: Finished Cronjob
2022-05-06 05:10:01::: started cronjob
2022-05-06 05:59:15::: Finished Cronjob
2022-05-07 05:10:01::: started cronjob
2022-05-07 05:59:05::: Finished Cronjob
2022-05-08 05:10:01::: started cronjob
2022-05-08 06:00:08::: Finished Cronjob
2022-05-09 05:10:01::: started cronjob
2022-05-09 06:01:12::: Finished Cronjob
2022-05-10 05:10:01::: started cronjob
2022-05-10 05:57:04::: Finished Cronjob
2022-05-11 05:10:01::: started cronjob
2022-05-11 05:59:04::: Finished Cronjob
2022-05-12 05:10:01::: started cronjob
2022-05-12 06:03:34::: Finished Cronjob
2022-05-13 05:10:01::: started cronjob
2022-05-13 05:59:52::: Finished Cronjob
2022-05-14 05:10:02::: started cronjob
2022-05-14 05:58:56::: Finished Cronjob
2022-05-15 05:10:01::: started cronjob
2022-05-15 05:59:22::: Finished Cronjob
2022-05-16 05:10:02::: started cronjob
2022-05-16 06:03:06::: Finished Cronjob
2022-05-17 05:10:01::: started cronjob
2022-05-17 06:01:00::: Finished Cronjob
2022-05-18 05:10:01::: started cronjob
2022-05-18 06:13:29::: Finished Cronjob
2022-05-19 05:10:01::: started cronjob
2022-05-19 06:05:33::: Finished Cronjob
2022-05-20 05:10:01::: started cronjob
2022-05-20 06:00:04::: Finished Cronjob
2022-05-21 05:10:01::: started cronjob
2022-05-21 06:12:32::: Finished Cronjob
2022-05-22 05:10:01::: started cronjob
2022-05-22 06:05:11::: Finished Cronjob
2022-05-23 05:10:01::: started cronjob
2022-05-23 06:00:25::: Finished Cronjob
2022-05-24 05:10:01::: started cronjob
2022-05-24 05:59:43::: Finished Cronjob
2022-05-25 05:10:01::: started cronjob
2022-05-25 06:04:18::: Finished Cronjob
2022-05-26 05:10:01::: started cronjob
2022-05-26 06:02:46::: Finished Cronjob
2022-05-27 05:10:02::: started cronjob
2022-05-27 06:02:27::: Finished Cronjob
2022-05-28 05:10:01::: started cronjob
2022-05-28 06:04:28::: Finished Cronjob
2022-05-29 05:10:02::: started cronjob
2022-05-29 06:02:12::: Finished Cronjob
2022-05-30 05:10:01::: started cronjob
2022-05-30 06:01:31::: Finished Cronjob
2022-05-31 05:10:01::: started cronjob
2022-05-31 06:02:46::: Finished Cronjob
2022-06-01 05:10:02::: started cronjob
2022-06-01 06:09:29::: Finished Cronjob
2022-06-02 05:10:02::: started cronjob
2022-06-02 06:04:20::: Finished Cronjob
2022-06-03 05:10:01::: started cronjob
2022-06-03 06:07:53::: Finished Cronjob
2022-06-04 05:10:02::: started cronjob
2022-06-04 06:02:26::: Finished Cronjob
2022-06-05 05:10:01::: started cronjob
2022-06-05 06:03:57::: Finished Cronjob
2022-06-06 05:10:02::: started cronjob
2022-06-06 06:02:35::: Finished Cronjob
2022-06-07 05:10:01::: started cronjob
2022-06-07 06:03:53::: Finished Cronjob
2022-06-08 05:10:01::: started cronjob
2022-06-08 06:21:03::: Finished Cronjob
2022-06-09 05:10:01::: started cronjob
2022-06-09 06:03:56::: Finished Cronjob
2022-06-10 05:10:01::: started cronjob
2022-06-10 06:04:00::: Finished Cronjob
2022-06-11 05:10:01::: started cronjob
2022-06-11 06:03:01::: Finished Cronjob
2022-06-12 05:10:01::: started cronjob
2022-06-12 06:07:00::: Finished Cronjob
2022-06-13 05:10:01::: started cronjob
2022-06-13 06:10:30::: Finished Cronjob
2022-06-14 05:10:01::: started cronjob
2022-06-14 06:05:23::: Finished Cronjob
2022-06-15 05:10:01::: started cronjob
2022-06-15 06:02:07::: Finished Cronjob
2022-06-16 05:10:02::: started cronjob
2022-06-16 06:08:32::: Finished Cronjob
2022-06-17 05:10:01::: started cronjob
2022-06-17 06:07:08::: Finished Cronjob
2022-06-18 05:10:01::: started cronjob
2022-06-18 06:08:58::: Finished Cronjob
2022-06-19 05:10:01::: started cronjob
2022-06-19 06:09:58::: Finished Cronjob
2022-06-20 05:10:01::: started cronjob
2022-06-20 06:06:10::: Finished Cronjob
2022-06-21 05:10:02::: started cronjob
2022-06-21 05:10:53:::SQLSTATE[HY000]: General error: 1205 Lock wait timeout exceeded; try restarting transaction (SQL: CALL daily_report_new('2022-06-20'))
2022-06-22 05:10:01::: started cronjob
2022-06-22 05:12:05::: Finished Cronjob
2022-06-23 05:10:01::: started cronjob
2022-06-23 05:12:09::: Finished Cronjob
2022-06-24 05:10:01::: started cronjob
2022-06-24 05:12:24::: Finished Cronjob
2022-06-25 05:10:01::: started cronjob
2022-06-25 05:12:21::: Finished Cronjob
2022-06-26 05:10:01::: started cronjob
2022-06-26 05:12:25::: Finished Cronjob
2022-06-27 05:10:01::: started cronjob
2022-06-27 05:12:32::: Finished Cronjob
2022-06-28 05:10:01::: started cronjob
2022-06-28 05:12:36::: Finished Cronjob
2022-06-29 05:10:02::: started cronjob
2022-06-29 05:12:42::: Finished Cronjob
2022-06-30 05:10:02::: started cronjob
2022-06-30 05:12:46::: Finished Cronjob
2022-07-01 05:10:02::: started cronjob
2022-07-01 05:12:48::: Finished Cronjob
2022-07-02 05:10:01::: started cronjob
2022-07-02 05:12:51::: Finished Cronjob
2022-07-03 05:10:01::: started cronjob
2022-07-03 05:12:56::: Finished Cronjob
2022-07-04 05:10:01::: started cronjob
2022-07-04 05:13:05::: Finished Cronjob
2022-07-05 05:10:01::: started cronjob
2022-07-05 05:13:08::: Finished Cronjob
2022-07-06 05:10:01::: started cronjob
2022-07-06 05:13:09::: Finished Cronjob
2022-07-07 05:10:01::: started cronjob
2022-07-07 05:13:14::: Finished Cronjob
2022-07-08 05:10:01::: started cronjob
2022-07-08 05:13:19::: Finished Cronjob
2022-07-09 05:10:02::: started cronjob
2022-07-09 05:13:29::: Finished Cronjob
2022-07-10 05:10:01::: started cronjob
2022-07-10 05:13:29::: Finished Cronjob
2022-07-11 05:10:01::: started cronjob
2022-07-11 05:13:36::: Finished Cronjob
2022-07-12 05:10:02::: started cronjob
2022-07-12 05:13:35::: Finished Cronjob
2022-07-13 05:10:02::: started cronjob
2022-07-13 05:13:40::: Finished Cronjob
2022-07-14 05:10:02::: started cronjob
2022-07-14 05:13:46::: Finished Cronjob
2022-07-15 05:10:02::: started cronjob
2022-07-15 05:13:52::: Finished Cronjob
2022-07-16 05:10:02::: started cronjob
2022-07-16 05:13:52::: Finished Cronjob
2022-07-17 05:10:02::: started cronjob
2022-07-17 05:14:02::: Finished Cronjob
2022-07-18 05:10:01::: started cronjob
2022-07-18 05:14:04::: Finished Cronjob
2022-07-19 05:10:02::: started cronjob
2022-07-19 05:14:06::: Finished Cronjob
2022-07-20 05:10:01::: started cronjob
2022-07-20 05:14:11::: Finished Cronjob
2022-07-21 05:10:01::: started cronjob
2022-07-21 05:14:17::: Finished Cronjob
2022-07-22 05:10:01::: started cronjob
2022-07-22 05:14:22::: Finished Cronjob
2022-07-23 05:10:02::: started cronjob
2022-07-23 05:14:24::: Finished Cronjob
2022-07-24 05:10:01::: started cronjob
2022-07-24 05:14:33::: Finished Cronjob
2022-07-25 05:10:02::: started cronjob
2022-07-25 05:14:40::: Finished Cronjob
2022-07-26 05:10:01::: started cronjob
2022-07-26 05:14:39::: Finished Cronjob
2022-07-27 05:10:01::: started cronjob
2022-07-27 05:14:39::: Finished Cronjob
2022-07-28 05:10:01::: started cronjob
2022-07-28 05:14:47::: Finished Cronjob
2022-07-29 05:10:01::: started cronjob
2022-07-29 05:10:01:::SQLSTATE[42S22]: Column not found: 1054 Unknown column 'amount' in 'field list' (SQL: CALL daily_report_new('2022-07-28'))
2022-07-30 05:10:01::: started cronjob
2022-07-30 05:10:01:::SQLSTATE[42S22]: Column not found: 1054 Unknown column 'amount' in 'field list' (SQL: CALL daily_report_new('2022-07-29'))
2022-07-31 05:10:02::: started cronjob
2022-07-31 05:10:02:::SQLSTATE[42S22]: Column not found: 1054 Unknown column 'amount' in 'field list' (SQL: CALL daily_report_new('2022-07-30'))
2022-08-01 05:10:01::: started cronjob
2022-08-01 05:10:01:::SQLSTATE[42S22]: Column not found: 1054 Unknown column 'amount' in 'field list' (SQL: CALL daily_report_new('2022-07-31'))
2022-08-02 05:10:02::: started cronjob
2022-08-02 05:10:02:::SQLSTATE[42S22]: Column not found: 1054 Unknown column 'amount' in 'field list' (SQL: CALL daily_report_new('2022-08-01'))
2022-08-03 05:10:02::: started cronjob
2022-08-03 05:10:02:::SQLSTATE[42S22]: Column not found: 1054 Unknown column 'amount' in 'field list' (SQL: CALL daily_report_new('2022-08-02'))
2022-08-04 05:10:01::: started cronjob
2022-08-04 05:10:01:::SQLSTATE[42S22]: Column not found: 1054 Unknown column 'amount' in 'field list' (SQL: CALL daily_report_new('2022-08-03'))
2022-08-05 05:10:01::: started cronjob
2022-08-05 05:10:01:::SQLSTATE[42S22]: Column not found: 1054 Unknown column 'amount' in 'field list' (SQL: CALL daily_report_new('2022-08-04'))
2022-08-06 05:10:02::: started cronjob
2022-08-06 05:10:02:::SQLSTATE[42S22]: Column not found: 1054 Unknown column 'amount' in 'field list' (SQL: CALL daily_report_new('2022-08-05'))
2022-08-07 05:10:01::: started cronjob
2022-08-07 05:10:01:::SQLSTATE[42S22]: Column not found: 1054 Unknown column 'amount' in 'field list' (SQL: CALL daily_report_new('2022-08-06'))
2022-08-08 05:10:02::: started cronjob
2022-08-08 05:10:02:::SQLSTATE[42S22]: Column not found: 1054 Unknown column 'amount' in 'field list' (SQL: CALL daily_report_new('2022-08-07'))
2022-08-09 05:10:02::: started cronjob
2022-08-09 05:10:02:::SQLSTATE[42S22]: Column not found: 1054 Unknown column 'amount' in 'field list' (SQL: CALL daily_report_new('2022-08-08'))
2022-08-10 05:10:02::: started cronjob
2022-08-10 05:10:02:::SQLSTATE[42S22]: Column not found: 1054 Unknown column 'amount' in 'field list' (SQL: CALL daily_report_new('2022-08-09'))
2022-08-11 05:10:01::: started cronjob
2022-08-11 05:10:01:::SQLSTATE[42S22]: Column not found: 1054 Unknown column 'amount' in 'field list' (SQL: CALL daily_report_new('2022-08-10'))
2022-08-12 05:10:01::: started cronjob
2022-08-12 05:10:01:::SQLSTATE[42S22]: Column not found: 1054 Unknown column 'amount' in 'field list' (SQL: CALL daily_report_new('2022-08-11'))
2022-08-13 05:10:01::: started cronjob
2022-08-13 05:10:01:::SQLSTATE[42S22]: Column not found: 1054 Unknown column 'amount' in 'field list' (SQL: CALL daily_report_new('2022-08-12'))
2022-08-14 05:10:01::: started cronjob
2022-08-14 05:10:01:::SQLSTATE[42S22]: Column not found: 1054 Unknown column 'amount' in 'field list' (SQL: CALL daily_report_new('2022-08-13'))
2022-08-15 05:10:01::: started cronjob
2022-08-15 05:10:01:::SQLSTATE[42S22]: Column not found: 1054 Unknown column 'amount' in 'field list' (SQL: CALL daily_report_new('2022-08-14'))
2022-08-16 05:10:01::: started cronjob
2022-08-16 05:10:01:::SQLSTATE[42S22]: Column not found: 1054 Unknown column 'amount' in 'field list' (SQL: CALL daily_report_new('2022-08-15'))
2022-08-17 05:10:01::: started cronjob
2022-08-17 05:10:01:::SQLSTATE[42S22]: Column not found: 1054 Unknown column 'amount' in 'field list' (SQL: CALL daily_report_new('2022-08-16'))
2022-08-18 05:10:02::: started cronjob
2022-08-18 05:10:02:::SQLSTATE[42S22]: Column not found: 1054 Unknown column 'amount' in 'field list' (SQL: CALL daily_report_new('2022-08-17'))
2022-08-19 05:10:01::: started cronjob
2022-08-19 05:10:01:::SQLSTATE[42S22]: Column not found: 1054 Unknown column 'amount' in 'field list' (SQL: CALL daily_report_new('2022-08-18'))
2022-08-20 05:10:01::: started cronjob
2022-08-20 05:10:01:::SQLSTATE[42S22]: Column not found: 1054 Unknown column 'amount' in 'field list' (SQL: CALL daily_report_new('2022-08-19'))
2022-08-21 05:10:01::: started cronjob
2022-08-21 05:10:01:::SQLSTATE[42S22]: Column not found: 1054 Unknown column 'amount' in 'field list' (SQL: CALL daily_report_new('2022-08-20'))
2022-08-22 05:10:01::: started cronjob
2022-08-22 05:10:01:::SQLSTATE[42S22]: Column not found: 1054 Unknown column 'amount' in 'field list' (SQL: CALL daily_report_new('2022-08-21'))
2022-08-23 05:10:01::: started cronjob
2022-08-23 05:10:01:::SQLSTATE[42S22]: Column not found: 1054 Unknown column 'amount' in 'field list' (SQL: CALL daily_report_new('2022-08-22'))
2022-08-24 05:10:01::: started cronjob
2022-08-24 05:10:01:::SQLSTATE[42S22]: Column not found: 1054 Unknown column 'amount' in 'field list' (SQL: CALL daily_report_new('2022-08-23'))
2022-08-25 05:10:01::: started cronjob
2022-08-25 05:10:01:::SQLSTATE[42S22]: Column not found: 1054 Unknown column 'amount' in 'field list' (SQL: CALL daily_report_new('2022-08-24'))
2022-08-26 05:10:01::: started cronjob
2022-08-26 05:10:01:::SQLSTATE[42S22]: Column not found: 1054 Unknown column 'amount' in 'field list' (SQL: CALL daily_report_new('2022-08-25'))
2022-08-27 05:10:01::: started cronjob
2022-08-27 05:10:01:::SQLSTATE[42S22]: Column not found: 1054 Unknown column 'amount' in 'field list' (SQL: CALL daily_report_new('2022-08-26'))
2022-08-28 05:10:01::: started cronjob
2022-08-28 05:10:01:::SQLSTATE[42S22]: Column not found: 1054 Unknown column 'amount' in 'field list' (SQL: CALL daily_report_new('2022-08-27'))
2022-08-29 05:10:02::: started cronjob
2022-08-29 05:10:02:::SQLSTATE[42S22]: Column not found: 1054 Unknown column 'amount' in 'field list' (SQL: CALL daily_report_new('2022-08-28'))
2022-08-30 05:10:01::: started cronjob
2022-08-30 05:10:01:::SQLSTATE[42S22]: Column not found: 1054 Unknown column 'amount' in 'field list' (SQL: CALL daily_report_new('2022-08-29'))
2022-08-31 05:10:01::: started cronjob
2022-08-31 05:10:01:::SQLSTATE[42S22]: Column not found: 1054 Unknown column 'amount' in 'field list' (SQL: CALL daily_report_new('2022-08-30'))
2022-09-01 05:10:01::: started cronjob
2022-09-01 05:10:01:::SQLSTATE[42S22]: Column not found: 1054 Unknown column 'amount' in 'field list' (SQL: CALL daily_report_new('2022-08-31'))
2022-09-02 05:10:01::: started cronjob
2022-09-02 05:10:01:::SQLSTATE[42S22]: Column not found: 1054 Unknown column 'amount' in 'field list' (SQL: CALL daily_report_new('2022-09-01'))
2022-09-03 05:10:02::: started cronjob
2022-09-03 05:10:02:::SQLSTATE[42S22]: Column not found: 1054 Unknown column 'amount' in 'field list' (SQL: CALL daily_report_new('2022-09-02'))
2022-09-04 05:10:01::: started cronjob
2022-09-04 05:10:01:::SQLSTATE[42S22]: Column not found: 1054 Unknown column 'amount' in 'field list' (SQL: CALL daily_report_new('2022-09-03'))
2022-09-05 05:10:01::: started cronjob
2022-09-05 05:10:01:::SQLSTATE[42S22]: Column not found: 1054 Unknown column 'amount' in 'field list' (SQL: CALL daily_report_new('2022-09-04'))
2022-09-06 05:10:01::: started cronjob
2022-09-06 05:10:01:::SQLSTATE[42S22]: Column not found: 1054 Unknown column 'amount' in 'field list' (SQL: CALL daily_report_new('2022-09-05'))
2022-09-07 05:10:01::: started cronjob
2022-09-07 05:10:01:::SQLSTATE[42S22]: Column not found: 1054 Unknown column 'amount' in 'field list' (SQL: CALL daily_report_new('2022-09-06'))
2022-09-08 05:10:01::: started cronjob
2022-09-08 05:10:01:::SQLSTATE[42S22]: Column not found: 1054 Unknown column 'amount' in 'field list' (SQL: CALL daily_report_new('2022-09-07'))
2022-09-09 05:10:02::: started cronjob
2022-09-09 05:10:02:::SQLSTATE[42S22]: Column not found: 1054 Unknown column 'amount' in 'field list' (SQL: CALL daily_report_new('2022-09-08'))
2022-09-10 05:10:01::: started cronjob
2022-09-10 05:10:01:::SQLSTATE[42S22]: Column not found: 1054 Unknown column 'amount' in 'field list' (SQL: CALL daily_report_new('2022-09-09'))
2022-09-11 05:10:01::: started cronjob
2022-09-11 05:10:01:::SQLSTATE[42S22]: Column not found: 1054 Unknown column 'amount' in 'field list' (SQL: CALL daily_report_new('2022-09-10'))
2022-09-12 05:10:01::: started cronjob
2022-09-12 05:10:01:::SQLSTATE[42S22]: Column not found: 1054 Unknown column 'amount' in 'field list' (SQL: CALL daily_report_new('2022-09-11'))
2022-09-13 05:10:01::: started cronjob
2022-09-13 05:10:01:::SQLSTATE[42S22]: Column not found: 1054 Unknown column 'amount' in 'field list' (SQL: CALL daily_report_new('2022-09-12'))
2022-09-14 05:10:01::: started cronjob
2022-09-14 05:10:01:::SQLSTATE[42S22]: Column not found: 1054 Unknown column 'amount' in 'field list' (SQL: CALL daily_report_new('2022-09-13'))
2022-09-15 05:10:01::: started cronjob
2022-09-15 05:10:01:::SQLSTATE[42S22]: Column not found: 1054 Unknown column 'amount' in 'field list' (SQL: CALL daily_report_new('2022-09-14'))
2022-09-16 05:10:01::: started cronjob
2022-09-16 05:10:01:::SQLSTATE[42S22]: Column not found: 1054 Unknown column 'amount' in 'field list' (SQL: CALL daily_report_new('2022-09-15'))
2022-09-17 05:10:01::: started cronjob
2022-09-17 05:10:01:::SQLSTATE[42S22]: Column not found: 1054 Unknown column 'amount' in 'field list' (SQL: CALL daily_report_new('2022-09-16'))
2022-09-18 05:10:01::: started cronjob
2022-09-18 05:10:01:::SQLSTATE[42S22]: Column not found: 1054 Unknown column 'amount' in 'field list' (SQL: CALL daily_report_new('2022-09-17'))
2022-09-19 05:10:01::: started cronjob
2022-09-19 05:10:01:::SQLSTATE[42S22]: Column not found: 1054 Unknown column 'amount' in 'field list' (SQL: CALL daily_report_new('2022-09-18'))
2022-09-20 05:10:01::: started cronjob
2022-09-20 05:10:01:::SQLSTATE[42S22]: Column not found: 1054 Unknown column 'amount' in 'field list' (SQL: CALL daily_report_new('2022-09-19'))
2022-09-21 05:10:01::: started cronjob
2022-09-21 05:10:02:::SQLSTATE[42S22]: Column not found: 1054 Unknown column 'amount' in 'field list' (SQL: CALL daily_report_new('2022-09-20'))
2022-09-22 05:10:01::: started cronjob
2022-09-22 05:10:01:::SQLSTATE[42S22]: Column not found: 1054 Unknown column 'amount' in 'field list' (SQL: CALL daily_report_new('2022-09-21'))
2022-09-23 05:10:01::: started cronjob
2022-09-23 05:10:01:::SQLSTATE[42S22]: Column not found: 1054 Unknown column 'amount' in 'field list' (SQL: CALL daily_report_new('2022-09-22'))
2022-09-24 05:10:01::: started cronjob
2022-09-24 05:10:01:::SQLSTATE[42S22]: Column not found: 1054 Unknown column 'amount' in 'field list' (SQL: CALL daily_report_new('2022-09-23'))
2022-09-25 05:10:01::: started cronjob
2022-09-25 05:10:01:::SQLSTATE[42S22]: Column not found: 1054 Unknown column 'amount' in 'field list' (SQL: CALL daily_report_new('2022-09-24'))
2022-09-26 05:10:01::: started cronjob
2022-09-26 05:10:01:::SQLSTATE[42S22]: Column not found: 1054 Unknown column 'amount' in 'field list' (SQL: CALL daily_report_new('2022-09-25'))
2022-09-27 05:10:01::: started cronjob
2022-09-27 05:10:01:::SQLSTATE[42S22]: Column not found: 1054 Unknown column 'amount' in 'field list' (SQL: CALL daily_report_new('2022-09-26'))
2022-09-28 05:10:01::: started cronjob
2022-09-28 05:10:01:::SQLSTATE[42S22]: Column not found: 1054 Unknown column 'amount' in 'field list' (SQL: CALL daily_report_new('2022-09-27'))
2022-09-29 05:10:01::: started cronjob
2022-09-29 05:10:01:::SQLSTATE[42S22]: Column not found: 1054 Unknown column 'amount' in 'field list' (SQL: CALL daily_report_new('2022-09-28'))
2022-09-30 05:10:02::: started cronjob
2022-09-30 05:10:02:::SQLSTATE[42S22]: Column not found: 1054 Unknown column 'amount' in 'field list' (SQL: CALL daily_report_new('2022-09-29'))
2022-10-01 05:10:01::: started cronjob
2022-10-01 05:10:01:::SQLSTATE[42S22]: Column not found: 1054 Unknown column 'amount' in 'field list' (SQL: CALL daily_report_new('2022-09-30'))
2022-10-02 05:10:01::: started cronjob
2022-10-02 05:10:01:::SQLSTATE[42S22]: Column not found: 1054 Unknown column 'amount' in 'field list' (SQL: CALL daily_report_new('2022-10-01'))
2022-10-03 05:10:02::: started cronjob
2022-10-03 05:10:02:::SQLSTATE[42S22]: Column not found: 1054 Unknown column 'amount' in 'field list' (SQL: CALL daily_report_new('2022-10-02'))
2022-10-04 05:10:01::: started cronjob
2022-10-04 05:10:01:::SQLSTATE[42S22]: Column not found: 1054 Unknown column 'amount' in 'field list' (SQL: CALL daily_report_new('2022-10-03'))
2022-10-05 05:10:02::: started cronjob
2022-10-05 05:10:02:::SQLSTATE[42S22]: Column not found: 1054 Unknown column 'amount' in 'field list' (SQL: CALL daily_report_new('2022-10-04'))
2022-10-06 05:10:02::: started cronjob
2022-10-06 05:10:02:::SQLSTATE[42S22]: Column not found: 1054 Unknown column 'amount' in 'field list' (SQL: CALL daily_report_new('2022-10-05'))
2022-10-07 05:10:01::: started cronjob
2022-10-07 05:10:01:::SQLSTATE[42S22]: Column not found: 1054 Unknown column 'amount' in 'field list' (SQL: CALL daily_report_new('2022-10-06'))
2022-10-08 05:10:01::: started cronjob
2022-10-08 05:10:01:::SQLSTATE[42S22]: Column not found: 1054 Unknown column 'amount' in 'field list' (SQL: CALL daily_report_new('2022-10-07'))
2022-10-09 05:10:01::: started cronjob
2022-10-09 05:10:01:::SQLSTATE[42S22]: Column not found: 1054 Unknown column 'amount' in 'field list' (SQL: CALL daily_report_new('2022-10-08'))
2022-10-10 05:10:01::: started cronjob
2022-10-10 05:10:01:::SQLSTATE[42S22]: Column not found: 1054 Unknown column 'amount' in 'field list' (SQL: CALL daily_report_new('2022-10-09'))
2022-10-11 05:10:01::: started cronjob
2022-10-11 05:10:01:::SQLSTATE[42S22]: Column not found: 1054 Unknown column 'amount' in 'field list' (SQL: CALL daily_report_new('2022-10-10'))
2022-10-12 05:10:01::: started cronjob
2022-10-12 05:10:01:::SQLSTATE[42S22]: Column not found: 1054 Unknown column 'amount' in 'field list' (SQL: CALL daily_report_new('2022-10-11'))
2022-10-13 05:10:01::: started cronjob
2022-10-13 05:10:01:::SQLSTATE[42S22]: Column not found: 1054 Unknown column 'amount' in 'field list' (SQL: CALL daily_report_new('2022-10-12'))
2022-10-14 05:10:01::: started cronjob
2022-10-14 05:10:01:::SQLSTATE[42S22]: Column not found: 1054 Unknown column 'amount' in 'field list' (SQL: CALL daily_report_new('2022-10-13'))
2022-10-15 05:10:01::: started cronjob
2022-10-15 05:10:01:::SQLSTATE[42S22]: Column not found: 1054 Unknown column 'amount' in 'field list' (SQL: CALL daily_report_new('2022-10-14'))
2022-10-16 05:10:01::: started cronjob
2022-10-16 05:10:01:::SQLSTATE[42S22]: Column not found: 1054 Unknown column 'amount' in 'field list' (SQL: CALL daily_report_new('2022-10-15'))
2022-10-17 05:10:01::: started cronjob
2022-10-17 05:10:01:::SQLSTATE[42S22]: Column not found: 1054 Unknown column 'amount' in 'field list' (SQL: CALL daily_report_new('2022-10-16'))
2022-10-18 05:10:01::: started cronjob
2022-10-18 05:10:01:::SQLSTATE[42S22]: Column not found: 1054 Unknown column 'amount' in 'field list' (SQL: CALL daily_report_new('2022-10-17'))
2022-10-19 05:10:01::: started cronjob
2022-10-19 05:10:01:::SQLSTATE[42S22]: Column not found: 1054 Unknown column 'amount' in 'field list' (SQL: CALL daily_report_new('2022-10-18'))
2022-10-20 05:10:01::: started cronjob
2022-10-20 05:10:01:::SQLSTATE[42S22]: Column not found: 1054 Unknown column 'amount' in 'field list' (SQL: CALL daily_report_new('2022-10-19'))
2022-10-21 05:10:01::: started cronjob
2022-10-21 05:10:01:::SQLSTATE[42S22]: Column not found: 1054 Unknown column 'amount' in 'field list' (SQL: CALL daily_report_new('2022-10-20'))
2022-10-22 05:10:01::: started cronjob
2022-10-22 05:10:01:::SQLSTATE[42S22]: Column not found: 1054 Unknown column 'amount' in 'field list' (SQL: CALL daily_report_new('2022-10-21'))
2022-10-23 05:10:01::: started cronjob
2022-10-23 05:10:01:::SQLSTATE[42S22]: Column not found: 1054 Unknown column 'amount' in 'field list' (SQL: CALL daily_report_new('2022-10-22'))
2022-10-24 05:10:01::: started cronjob
2022-10-24 05:10:01:::SQLSTATE[42S22]: Column not found: 1054 Unknown column 'amount' in 'field list' (SQL: CALL daily_report_new('2022-10-23'))
2022-10-25 05:10:01::: started cronjob
2022-10-25 05:10:01:::SQLSTATE[42S22]: Column not found: 1054 Unknown column 'amount' in 'field list' (SQL: CALL daily_report_new('2022-10-24'))
2022-10-26 05:10:01::: started cronjob
2022-10-26 05:10:01:::SQLSTATE[42S22]: Column not found: 1054 Unknown column 'amount' in 'field list' (SQL: CALL daily_report_new('2022-10-25'))
2022-10-27 05:10:01::: started cronjob
2022-10-27 05:10:01:::SQLSTATE[42S22]: Column not found: 1054 Unknown column 'amount' in 'field list' (SQL: CALL daily_report_new('2022-10-26'))
2022-10-28 05:10:02::: started cronjob
2022-10-28 05:10:02:::SQLSTATE[42S22]: Column not found: 1054 Unknown column 'amount' in 'field list' (SQL: CALL daily_report_new('2022-10-27'))
2022-10-29 05:10:01::: started cronjob
2022-10-29 05:10:01:::SQLSTATE[42S22]: Column not found: 1054 Unknown column 'amount' in 'field list' (SQL: CALL daily_report_new('2022-10-28'))
2022-10-30 05:10:01::: started cronjob
2022-10-30 05:10:01:::SQLSTATE[42S22]: Column not found: 1054 Unknown column 'amount' in 'field list' (SQL: CALL daily_report_new('2022-10-29'))
2022-10-31 05:10:01::: started cronjob
2022-10-31 05:10:01:::SQLSTATE[42S22]: Column not found: 1054 Unknown column 'amount' in 'field list' (SQL: CALL daily_report_new('2022-10-30'))
2022-11-01 05:10:02::: started cronjob
2022-11-01 05:10:02:::SQLSTATE[42S22]: Column not found: 1054 Unknown column 'amount' in 'field list' (SQL: CALL daily_report_new('2022-10-31'))
2022-11-02 05:10:01::: started cronjob
2022-11-02 05:10:01:::SQLSTATE[42S22]: Column not found: 1054 Unknown column 'amount' in 'field list' (SQL: CALL daily_report_new('2022-11-01'))
2022-11-03 05:10:01::: started cronjob
2022-11-03 05:10:01:::SQLSTATE[42S22]: Column not found: 1054 Unknown column 'amount' in 'field list' (SQL: CALL daily_report_new('2022-11-02'))
2022-11-04 05:10:02::: started cronjob
2022-11-04 05:10:02:::SQLSTATE[42S22]: Column not found: 1054 Unknown column 'amount' in 'field list' (SQL: CALL daily_report_new('2022-11-03'))
2022-11-05 05:10:01::: started cronjob
2022-11-05 05:10:01:::SQLSTATE[42S22]: Column not found: 1054 Unknown column 'amount' in 'field list' (SQL: CALL daily_report_new('2022-11-04'))
2022-11-06 05:10:02::: started cronjob
2022-11-06 05:10:02:::SQLSTATE[42S22]: Column not found: 1054 Unknown column 'amount' in 'field list' (SQL: CALL daily_report_new('2022-11-05'))
2022-11-07 05:10:02::: started cronjob
2022-11-07 05:10:02:::SQLSTATE[42S22]: Column not found: 1054 Unknown column 'amount' in 'field list' (SQL: CALL daily_report_new('2022-11-06'))
2022-11-08 05:10:01::: started cronjob
2022-11-08 05:10:01:::SQLSTATE[42S22]: Column not found: 1054 Unknown column 'amount' in 'field list' (SQL: CALL daily_report_new('2022-11-07'))
2022-11-09 05:10:01::: started cronjob
2022-11-09 05:10:01:::SQLSTATE[42S22]: Column not found: 1054 Unknown column 'amount' in 'field list' (SQL: CALL daily_report_new('2022-11-08'))
2022-11-10 05:10:01::: started cronjob
2022-11-10 05:10:01:::SQLSTATE[42S22]: Column not found: 1054 Unknown column 'amount' in 'field list' (SQL: CALL daily_report_new('2022-11-09'))
2022-11-11 05:10:01::: started cronjob
2022-11-11 05:10:01:::SQLSTATE[42S22]: Column not found: 1054 Unknown column 'amount' in 'field list' (SQL: CALL daily_report_new('2022-11-10'))
2022-11-12 05:10:02::: started cronjob
2022-11-12 05:10:02:::SQLSTATE[42S22]: Column not found: 1054 Unknown column 'amount' in 'field list' (SQL: CALL daily_report_new('2022-11-11'))
2022-11-13 05:10:01::: started cronjob
2022-11-13 05:10:01:::SQLSTATE[42S22]: Column not found: 1054 Unknown column 'amount' in 'field list' (SQL: CALL daily_report_new('2022-11-12'))
2022-11-14 05:10:01::: started cronjob
2022-11-14 05:10:01:::SQLSTATE[42S22]: Column not found: 1054 Unknown column 'amount' in 'field list' (SQL: CALL daily_report_new('2022-11-13'))
2022-11-15 05:10:01::: started cronjob
2022-11-15 05:10:01:::SQLSTATE[42S22]: Column not found: 1054 Unknown column 'amount' in 'field list' (SQL: CALL daily_report_new('2022-11-14'))
2022-11-16 05:10:01::: started cronjob
2022-11-16 05:10:01:::SQLSTATE[42S22]: Column not found: 1054 Unknown column 'amount' in 'field list' (SQL: CALL daily_report_new('2022-11-15'))
2022-11-17 05:10:01::: started cronjob
2022-11-17 05:10:01:::SQLSTATE[42S22]: Column not found: 1054 Unknown column 'amount' in 'field list' (SQL: CALL daily_report_new('2022-11-16'))
2022-11-18 05:10:01::: started cronjob
2022-11-18 05:10:01:::SQLSTATE[42S22]: Column not found: 1054 Unknown column 'amount' in 'field list' (SQL: CALL daily_report_new('2022-11-17'))
2022-11-19 05:10:01::: started cronjob
2022-11-19 05:10:02:::SQLSTATE[42S22]: Column not found: 1054 Unknown column 'amount' in 'field list' (SQL: CALL daily_report_new('2022-11-18'))
2022-11-20 05:10:01::: started cronjob
2022-11-20 05:10:01:::SQLSTATE[42S22]: Column not found: 1054 Unknown column 'amount' in 'field list' (SQL: CALL daily_report_new('2022-11-19'))
2022-11-21 05:10:01::: started cronjob
2022-11-21 05:10:01:::SQLSTATE[42S22]: Column not found: 1054 Unknown column 'amount' in 'field list' (SQL: CALL daily_report_new('2022-11-20'))
2022-11-22 05:10:01::: started cronjob
2022-11-22 05:10:01:::SQLSTATE[42S22]: Column not found: 1054 Unknown column 'amount' in 'field list' (SQL: CALL daily_report_new('2022-11-21'))
2022-11-23 05:10:02::: started cronjob
2022-11-23 05:10:02:::SQLSTATE[42S22]: Column not found: 1054 Unknown column 'amount' in 'field list' (SQL: CALL daily_report_new('2022-11-22'))
2022-11-24 05:10:02::: started cronjob
2022-11-24 05:10:02:::SQLSTATE[42S22]: Column not found: 1054 Unknown column 'amount' in 'field list' (SQL: CALL daily_report_new('2022-11-23'))
2022-11-25 05:10:01::: started cronjob
2022-11-25 05:10:01:::SQLSTATE[42S22]: Column not found: 1054 Unknown column 'amount' in 'field list' (SQL: CALL daily_report_new('2022-11-24'))
2022-11-26 05:10:01::: started cronjob
2022-11-26 05:10:01:::SQLSTATE[42S22]: Column not found: 1054 Unknown column 'amount' in 'field list' (SQL: CALL daily_report_new('2022-11-25'))
2022-11-27 05:10:02::: started cronjob
2022-11-27 05:10:02:::SQLSTATE[42S22]: Column not found: 1054 Unknown column 'amount' in 'field list' (SQL: CALL daily_report_new('2022-11-26'))
2022-11-28 05:10:01::: started cronjob
2022-11-28 05:10:01:::SQLSTATE[42S22]: Column not found: 1054 Unknown column 'amount' in 'field list' (SQL: CALL daily_report_new('2022-11-27'))
2022-11-29 05:10:01::: started cronjob
2022-11-29 05:10:01:::SQLSTATE[42S22]: Column not found: 1054 Unknown column 'amount' in 'field list' (SQL: CALL daily_report_new('2022-11-28'))
2022-11-30 05:10:02::: started cronjob
2022-11-30 05:10:02:::SQLSTATE[42S22]: Column not found: 1054 Unknown column 'amount' in 'field list' (SQL: CALL daily_report_new('2022-11-29'))
2022-12-01 05:10:01::: started cronjob
2022-12-01 05:10:01:::SQLSTATE[42S22]: Column not found: 1054 Unknown column 'amount' in 'field list' (SQL: CALL daily_report_new('2022-11-30'))
2022-12-02 05:10:01::: started cronjob
2022-12-02 05:10:01:::SQLSTATE[42S22]: Column not found: 1054 Unknown column 'amount' in 'field list' (SQL: CALL daily_report_new('2022-12-01'))
2022-12-03 05:10:02::: started cronjob
2022-12-03 05:10:02:::SQLSTATE[42S22]: Column not found: 1054 Unknown column 'amount' in 'field list' (SQL: CALL daily_report_new('2022-12-02'))
2022-12-04 05:10:01::: started cronjob
2022-12-04 05:10:01:::SQLSTATE[42S22]: Column not found: 1054 Unknown column 'amount' in 'field list' (SQL: CALL daily_report_new('2022-12-03'))
2022-12-05 05:10:01::: started cronjob
2022-12-05 05:10:01:::SQLSTATE[42S22]: Column not found: 1054 Unknown column 'amount' in 'field list' (SQL: CALL daily_report_new('2022-12-04'))
2022-12-06 05:10:01::: started cronjob
2022-12-06 05:10:01:::SQLSTATE[42S22]: Column not found: 1054 Unknown column 'amount' in 'field list' (SQL: CALL daily_report_new('2022-12-05'))
2022-12-07 05:10:01::: started cronjob
2022-12-07 05:10:01:::SQLSTATE[42S22]: Column not found: 1054 Unknown column 'amount' in 'field list' (SQL: CALL daily_report_new('2022-12-06'))
2022-12-08 05:10:01::: started cronjob
2022-12-08 05:10:01:::SQLSTATE[42S22]: Column not found: 1054 Unknown column 'amount' in 'field list' (SQL: CALL daily_report_new('2022-12-07'))
2022-12-09 05:10:01::: started cronjob
2022-12-09 05:10:01:::SQLSTATE[42S22]: Column not found: 1054 Unknown column 'amount' in 'field list' (SQL: CALL daily_report_new('2022-12-08'))
2022-12-10 05:10:01::: started cronjob
2022-12-10 05:10:01:::SQLSTATE[42S22]: Column not found: 1054 Unknown column 'amount' in 'field list' (SQL: CALL daily_report_new('2022-12-09'))
2022-12-11 05:10:01::: started cronjob
2022-12-11 05:10:01:::SQLSTATE[42S22]: Column not found: 1054 Unknown column 'amount' in 'field list' (SQL: CALL daily_report_new('2022-12-10'))
2022-12-12 05:10:01::: started cronjob
2022-12-12 05:10:01:::SQLSTATE[42S22]: Column not found: 1054 Unknown column 'amount' in 'field list' (SQL: CALL daily_report_new('2022-12-11'))
2022-12-13 05:10:02::: started cronjob
2022-12-13 05:10:02:::SQLSTATE[42S22]: Column not found: 1054 Unknown column 'amount' in 'field list' (SQL: CALL daily_report_new('2022-12-12'))
2022-12-14 05:10:01::: started cronjob
2022-12-14 05:10:01:::SQLSTATE[42S22]: Column not found: 1054 Unknown column 'amount' in 'field list' (SQL: CALL daily_report_new('2022-12-13'))
2022-12-15 05:10:01::: started cronjob
2022-12-15 05:10:02:::SQLSTATE[42S22]: Column not found: 1054 Unknown column 'amount' in 'field list' (SQL: CALL daily_report_new('2022-12-14'))
2022-12-16 05:10:01::: started cronjob
2022-12-16 05:10:01:::SQLSTATE[42S22]: Column not found: 1054 Unknown column 'amount' in 'field list' (SQL: CALL daily_report_new('2022-12-15'))
2022-12-17 05:10:01::: started cronjob
2022-12-17 05:10:01:::SQLSTATE[42S22]: Column not found: 1054 Unknown column 'amount' in 'field list' (SQL: CALL daily_report_new('2022-12-16'))
2022-12-18 05:10:01::: started cronjob
2022-12-18 05:10:01:::SQLSTATE[42S22]: Column not found: 1054 Unknown column 'amount' in 'field list' (SQL: CALL daily_report_new('2022-12-17'))
2022-12-19 05:10:01::: started cronjob
2022-12-19 05:10:01:::SQLSTATE[42S22]: Column not found: 1054 Unknown column 'amount' in 'field list' (SQL: CALL daily_report_new('2022-12-18'))
2022-12-20 05:10:01::: started cronjob
2022-12-20 05:10:01:::SQLSTATE[42S22]: Column not found: 1054 Unknown column 'amount' in 'field list' (SQL: CALL daily_report_new('2022-12-19'))
2022-12-21 05:10:01::: started cronjob
2022-12-21 05:10:01:::SQLSTATE[42S22]: Column not found: 1054 Unknown column 'amount' in 'field list' (SQL: CALL daily_report_new('2022-12-20'))
2022-12-22 05:10:02::: started cronjob
2022-12-22 05:10:02:::SQLSTATE[42S22]: Column not found: 1054 Unknown column 'amount' in 'field list' (SQL: CALL daily_report_new('2022-12-21'))
2022-12-23 05:10:01::: started cronjob
2022-12-23 05:10:01:::SQLSTATE[42S22]: Column not found: 1054 Unknown column 'amount' in 'field list' (SQL: CALL daily_report_new('2022-12-22'))
2022-12-24 05:10:01::: started cronjob
2022-12-24 05:10:01:::SQLSTATE[42S22]: Column not found: 1054 Unknown column 'amount' in 'field list' (SQL: CALL daily_report_new('2022-12-23'))
2022-12-25 05:10:01::: started cronjob
2022-12-25 05:10:01:::SQLSTATE[42S22]: Column not found: 1054 Unknown column 'amount' in 'field list' (SQL: CALL daily_report_new('2022-12-24'))
2022-12-26 05:10:01::: started cronjob
2022-12-26 05:10:01:::SQLSTATE[42S22]: Column not found: 1054 Unknown column 'amount' in 'field list' (SQL: CALL daily_report_new('2022-12-25'))
2022-12-27 05:10:01::: started cronjob
2022-12-27 05:10:01:::SQLSTATE[42S22]: Column not found: 1054 Unknown column 'amount' in 'field list' (SQL: CALL daily_report_new('2022-12-26'))
2022-12-28 05:10:01::: started cronjob
2022-12-28 05:10:01:::SQLSTATE[42S22]: Column not found: 1054 Unknown column 'amount' in 'field list' (SQL: CALL daily_report_new('2022-12-27'))
2022-12-29 05:10:02::: started cronjob
2022-12-29 05:10:02:::SQLSTATE[42S22]: Column not found: 1054 Unknown column 'amount' in 'field list' (SQL: CALL daily_report_new('2022-12-28'))
2022-12-30 05:10:02::: started cronjob
2022-12-30 05:10:02:::SQLSTATE[42S22]: Column not found: 1054 Unknown column 'amount' in 'field list' (SQL: CALL daily_report_new('2022-12-29'))
2022-12-31 05:10:01::: started cronjob
2022-12-31 05:10:01:::SQLSTATE[42S22]: Column not found: 1054 Unknown column 'amount' in 'field list' (SQL: CALL daily_report_new('2022-12-30'))
2023-01-01 05:10:01::: started cronjob
2023-01-01 05:10:01:::SQLSTATE[42S22]: Column not found: 1054 Unknown column 'amount' in 'field list' (SQL: CALL daily_report_new('2022-12-31'))
2023-01-02 05:10:02::: started cronjob
2023-01-02 05:10:02:::SQLSTATE[42S22]: Column not found: 1054 Unknown column 'amount' in 'field list' (SQL: CALL daily_report_new('2023-01-01'))
2023-01-03 05:10:01::: started cronjob
2023-01-03 05:10:01:::SQLSTATE[42S22]: Column not found: 1054 Unknown column 'amount' in 'field list' (SQL: CALL daily_report_new('2023-01-02'))
2023-01-04 05:10:01::: started cronjob
2023-01-04 05:10:01:::SQLSTATE[42S22]: Column not found: 1054 Unknown column 'amount' in 'field list' (SQL: CALL daily_report_new('2023-01-03'))
2023-01-05 05:10:01::: started cronjob
2023-01-05 05:10:01:::SQLSTATE[42S22]: Column not found: 1054 Unknown column 'amount' in 'field list' (SQL: CALL daily_report_new('2023-01-04'))
2023-01-06 05:10:01::: started cronjob
2023-01-06 05:10:01:::SQLSTATE[42S22]: Column not found: 1054 Unknown column 'amount' in 'field list' (SQL: CALL daily_report_new('2023-01-05'))
2023-01-07 05:10:01::: started cronjob
2023-01-07 05:10:01:::SQLSTATE[42S22]: Column not found: 1054 Unknown column 'amount' in 'field list' (SQL: CALL daily_report_new('2023-01-06'))
2023-01-08 05:10:01::: started cronjob
2023-01-08 05:10:01:::SQLSTATE[42S22]: Column not found: 1054 Unknown column 'amount' in 'field list' (SQL: CALL daily_report_new('2023-01-07'))
2023-01-09 05:10:01::: started cronjob
2023-01-09 05:10:01:::SQLSTATE[42S22]: Column not found: 1054 Unknown column 'amount' in 'field list' (SQL: CALL daily_report_new('2023-01-08'))
2023-01-10 05:10:01::: started cronjob
2023-01-10 05:10:01:::SQLSTATE[42S22]: Column not found: 1054 Unknown column 'amount' in 'field list' (SQL: CALL daily_report_new('2023-01-09'))
2023-01-11 05:10:01::: started cronjob
2023-01-11 05:10:01:::SQLSTATE[42S22]: Column not found: 1054 Unknown column 'amount' in 'field list' (SQL: CALL daily_report_new('2023-01-10'))
2023-01-12 05:10:01::: started cronjob
2023-01-12 05:10:01:::SQLSTATE[42S22]: Column not found: 1054 Unknown column 'amount' in 'field list' (SQL: CALL daily_report_new('2023-01-11'))
2023-01-13 05:10:02::: started cronjob
2023-01-13 05:10:02:::SQLSTATE[42S22]: Column not found: 1054 Unknown column 'amount' in 'field list' (SQL: CALL daily_report_new('2023-01-12'))
2023-01-14 05:10:01::: started cronjob
2023-01-14 05:10:01:::SQLSTATE[42S22]: Column not found: 1054 Unknown column 'amount' in 'field list' (SQL: CALL daily_report_new('2023-01-13'))
2023-01-15 05:10:01::: started cronjob
2023-01-15 05:10:01:::SQLSTATE[42S22]: Column not found: 1054 Unknown column 'amount' in 'field list' (SQL: CALL daily_report_new('2023-01-14'))
2023-01-16 05:10:01::: started cronjob
2023-01-16 05:10:01:::SQLSTATE[42S22]: Column not found: 1054 Unknown column 'amount' in 'field list' (SQL: CALL daily_report_new('2023-01-15'))
2023-01-17 05:10:02::: started cronjob
2023-01-17 05:10:02:::SQLSTATE[42S22]: Column not found: 1054 Unknown column 'amount' in 'field list' (SQL: CALL daily_report_new('2023-01-16'))
2023-01-18 05:10:02::: started cronjob
2023-01-18 05:10:02:::SQLSTATE[42S22]: Column not found: 1054 Unknown column 'amount' in 'field list' (SQL: CALL daily_report_new('2023-01-17'))
2023-01-19 05:10:01::: started cronjob
2023-01-19 05:10:01:::SQLSTATE[42S22]: Column not found: 1054 Unknown column 'amount' in 'field list' (SQL: CALL daily_report_new('2023-01-18'))
2023-01-20 05:10:01::: started cronjob
2023-01-20 05:10:01:::SQLSTATE[42S22]: Column not found: 1054 Unknown column 'amount' in 'field list' (SQL: CALL daily_report_new('2023-01-19'))
2023-01-21 05:10:01::: started cronjob
2023-01-21 05:10:01:::SQLSTATE[42S22]: Column not found: 1054 Unknown column 'amount' in 'field list' (SQL: CALL daily_report_new('2023-01-20'))
2023-01-22 05:10:01::: started cronjob
2023-01-22 05:10:01:::SQLSTATE[42S22]: Column not found: 1054 Unknown column 'amount' in 'field list' (SQL: CALL daily_report_new('2023-01-21'))
2023-01-23 05:10:01::: started cronjob
2023-01-23 05:10:01:::SQLSTATE[42S22]: Column not found: 1054 Unknown column 'amount' in 'field list' (SQL: CALL daily_report_new('2023-01-22'))
2023-01-24 05:10:01::: started cronjob
2023-01-24 05:10:01:::SQLSTATE[42S22]: Column not found: 1054 Unknown column 'amount' in 'field list' (SQL: CALL daily_report_new('2023-01-23'))
2023-01-25 05:10:01::: started cronjob
2023-01-25 05:10:01:::SQLSTATE[42S22]: Column not found: 1054 Unknown column 'amount' in 'field list' (SQL: CALL daily_report_new('2023-01-24'))
2023-01-26 05:10:01::: started cronjob
2023-01-26 05:10:01:::SQLSTATE[42S22]: Column not found: 1054 Unknown column 'amount' in 'field list' (SQL: CALL daily_report_new('2023-01-25'))
2023-01-27 05:10:01::: started cronjob
2023-01-27 05:10:01:::SQLSTATE[42S22]: Column not found: 1054 Unknown column 'amount' in 'field list' (SQL: CALL daily_report_new('2023-01-26'))
2023-01-28 05:10:01::: started cronjob
2023-01-28 05:10:01:::SQLSTATE[42S22]: Column not found: 1054 Unknown column 'amount' in 'field list' (SQL: CALL daily_report_new('2023-01-27'))
2023-01-29 05:10:01::: started cronjob
2023-01-29 05:10:01:::SQLSTATE[42S22]: Column not found: 1054 Unknown column 'amount' in 'field list' (SQL: CALL daily_report_new('2023-01-28'))
2023-01-30 05:10:01::: started cronjob
2023-01-30 05:10:01:::SQLSTATE[42S22]: Column not found: 1054 Unknown column 'amount' in 'field list' (SQL: CALL daily_report_new('2023-01-29'))
2023-01-31 05:10:01::: started cronjob
2023-01-31 05:10:01:::SQLSTATE[42S22]: Column not found: 1054 Unknown column 'amount' in 'field list' (SQL: CALL daily_report_new('2023-01-30'))
2023-02-01 05:10:01::: started cronjob
2023-02-01 05:10:01:::SQLSTATE[42S22]: Column not found: 1054 Unknown column 'amount' in 'field list' (SQL: CALL daily_report_new('2023-01-31'))
2023-02-02 05:10:02::: started cronjob
2023-02-02 05:10:02:::SQLSTATE[42S22]: Column not found: 1054 Unknown column 'amount' in 'field list' (SQL: CALL daily_report_new('2023-02-01'))
2023-02-03 05:10:01::: started cronjob
2023-02-03 05:10:01:::SQLSTATE[42S22]: Column not found: 1054 Unknown column 'amount' in 'field list' (SQL: CALL daily_report_new('2023-02-02'))
2023-02-04 05:10:01::: started cronjob
2023-02-04 05:10:01:::SQLSTATE[42S22]: Column not found: 1054 Unknown column 'amount' in 'field list' (SQL: CALL daily_report_new('2023-02-03'))
2023-02-05 05:10:01::: started cronjob
2023-02-05 05:10:01:::SQLSTATE[42S22]: Column not found: 1054 Unknown column 'amount' in 'field list' (SQL: CALL daily_report_new('2023-02-04'))
2023-02-06 05:10:01::: started cronjob
2023-02-06 05:10:01:::SQLSTATE[42S22]: Column not found: 1054 Unknown column 'amount' in 'field list' (SQL: CALL daily_report_new('2023-02-05'))
2023-02-07 05:10:01::: started cronjob
2023-02-07 05:10:01:::SQLSTATE[42S22]: Column not found: 1054 Unknown column 'amount' in 'field list' (SQL: CALL daily_report_new('2023-02-06'))
2023-02-08 05:10:01::: started cronjob
2023-02-08 05:10:01:::SQLSTATE[42S22]: Column not found: 1054 Unknown column 'amount' in 'field list' (SQL: CALL daily_report_new('2023-02-07'))
2023-02-09 05:10:01::: started cronjob
2023-02-09 05:10:01:::SQLSTATE[42S22]: Column not found: 1054 Unknown column 'amount' in 'field list' (SQL: CALL daily_report_new('2023-02-08'))
2023-02-10 05:10:01::: started cronjob
2023-02-10 05:10:01:::SQLSTATE[42S22]: Column not found: 1054 Unknown column 'amount' in 'field list' (SQL: CALL daily_report_new('2023-02-09'))
2023-02-11 05:10:01::: started cronjob
2023-02-11 05:10:01:::SQLSTATE[42S22]: Column not found: 1054 Unknown column 'amount' in 'field list' (SQL: CALL daily_report_new('2023-02-10'))
2023-02-12 05:10:01::: started cronjob
2023-02-12 05:10:01:::SQLSTATE[42S22]: Column not found: 1054 Unknown column 'amount' in 'field list' (SQL: CALL daily_report_new('2023-02-11'))
2023-02-13 05:10:02::: started cronjob
2023-02-13 05:10:02:::SQLSTATE[42S22]: Column not found: 1054 Unknown column 'amount' in 'field list' (SQL: CALL daily_report_new('2023-02-12'))
2023-02-14 05:10:01::: started cronjob
2023-02-14 05:10:01:::SQLSTATE[42S22]: Column not found: 1054 Unknown column 'amount' in 'field list' (SQL: CALL daily_report_new('2023-02-13'))
2023-02-15 05:10:01::: started cronjob
2023-02-15 05:10:01:::SQLSTATE[42S22]: Column not found: 1054 Unknown column 'amount' in 'field list' (SQL: CALL daily_report_new('2023-02-14'))
2023-02-16 05:10:01::: started cronjob
2023-02-16 05:10:01:::SQLSTATE[42S22]: Column not found: 1054 Unknown column 'amount' in 'field list' (SQL: CALL daily_report_new('2023-02-15'))
2023-02-17 05:10:01::: started cronjob
2023-02-17 05:10:01:::SQLSTATE[42S22]: Column not found: 1054 Unknown column 'amount' in 'field list' (SQL: CALL daily_report_new('2023-02-16'))
2023-02-18 05:10:01::: started cronjob
2023-02-18 05:10:01:::SQLSTATE[42S22]: Column not found: 1054 Unknown column 'amount' in 'field list' (SQL: CALL daily_report_new('2023-02-17'))
2023-02-19 05:10:01::: started cronjob
2023-02-19 05:10:01:::SQLSTATE[42S22]: Column not found: 1054 Unknown column 'amount' in 'field list' (SQL: CALL daily_report_new('2023-02-18'))
2023-02-20 05:10:01::: started cronjob
2023-02-20 05:10:01:::SQLSTATE[42S22]: Column not found: 1054 Unknown column 'amount' in 'field list' (SQL: CALL daily_report_new('2023-02-19'))
2023-02-21 05:10:01::: started cronjob
2023-02-21 05:10:01:::SQLSTATE[42S22]: Column not found: 1054 Unknown column 'amount' in 'field list' (SQL: CALL daily_report_new('2023-02-20'))
2023-02-22 05:10:01::: started cronjob
2023-02-22 05:10:01:::SQLSTATE[42S22]: Column not found: 1054 Unknown column 'amount' in 'field list' (SQL: CALL daily_report_new('2023-02-21'))
2023-02-23 05:10:01::: started cronjob
2023-02-23 05:10:01:::SQLSTATE[42S22]: Column not found: 1054 Unknown column 'amount' in 'field list' (SQL: CALL daily_report_new('2023-02-22'))
2023-02-24 05:10:02::: started cronjob
2023-02-24 05:10:02:::SQLSTATE[42S22]: Column not found: 1054 Unknown column 'amount' in 'field list' (SQL: CALL daily_report_new('2023-02-23'))
2023-02-25 05:10:01::: started cronjob
2023-02-25 05:10:01:::SQLSTATE[42S22]: Column not found: 1054 Unknown column 'amount' in 'field list' (SQL: CALL daily_report_new('2023-02-24'))
2023-02-26 05:10:02::: started cronjob
2023-02-26 05:10:02:::SQLSTATE[42S22]: Column not found: 1054 Unknown column 'amount' in 'field list' (SQL: CALL daily_report_new('2023-02-25'))
2023-02-27 05:10:01::: started cronjob
2023-02-27 05:10:01:::SQLSTATE[42S22]: Column not found: 1054 Unknown column 'amount' in 'field list' (SQL: CALL daily_report_new('2023-02-26'))
2023-02-28 05:10:01::: started cronjob
2023-02-28 05:10:01:::SQLSTATE[42S22]: Column not found: 1054 Unknown column 'amount' in 'field list' (SQL: CALL daily_report_new('2023-02-27'))
2023-03-01 05:10:01::: started cronjob
2023-03-01 05:10:01:::SQLSTATE[42S22]: Column not found: 1054 Unknown column 'amount' in 'field list' (SQL: CALL daily_report_new('2023-02-28'))
2023-03-02 05:10:01::: started cronjob
2023-03-02 05:10:01:::SQLSTATE[42S22]: Column not found: 1054 Unknown column 'amount' in 'field list' (SQL: CALL daily_report_new('2023-03-01'))
2023-03-03 05:10:02::: started cronjob
2023-03-03 05:10:02:::SQLSTATE[42S22]: Column not found: 1054 Unknown column 'amount' in 'field list' (SQL: CALL daily_report_new('2023-03-02'))
2023-03-04 05:10:01::: started cronjob
2023-03-04 05:10:01:::SQLSTATE[42S22]: Column not found: 1054 Unknown column 'amount' in 'field list' (SQL: CALL daily_report_new('2023-03-03'))
2023-03-05 05:10:02::: started cronjob
2023-03-05 05:10:02:::SQLSTATE[42S22]: Column not found: 1054 Unknown column 'amount' in 'field list' (SQL: CALL daily_report_new('2023-03-04'))
2023-03-06 05:10:01::: started cronjob
2023-03-06 05:10:01:::SQLSTATE[42S22]: Column not found: 1054 Unknown column 'amount' in 'field list' (SQL: CALL daily_report_new('2023-03-05'))
2023-03-07 05:10:01::: started cronjob
2023-03-07 05:10:01:::SQLSTATE[42S22]: Column not found: 1054 Unknown column 'amount' in 'field list' (SQL: CALL daily_report_new('2023-03-06'))
2023-03-08 05:10:02::: started cronjob
2023-03-08 05:10:02:::SQLSTATE[42S22]: Column not found: 1054 Unknown column 'amount' in 'field list' (SQL: CALL daily_report_new('2023-03-07'))
2023-03-09 05:10:01::: started cronjob
2023-03-09 05:10:01:::SQLSTATE[42S22]: Column not found: 1054 Unknown column 'amount' in 'field list' (SQL: CALL daily_report_new('2023-03-08'))
2023-03-10 05:10:01::: started cronjob
2023-03-10 05:10:01:::SQLSTATE[42S22]: Column not found: 1054 Unknown column 'amount' in 'field list' (SQL: CALL daily_report_new('2023-03-09'))
2023-03-11 05:10:01::: started cronjob
2023-03-11 05:10:01:::SQLSTATE[42S22]: Column not found: 1054 Unknown column 'amount' in 'field list' (SQL: CALL daily_report_new('2023-03-10'))
2023-03-12 05:10:01::: started cronjob
2023-03-12 05:10:01:::SQLSTATE[42S22]: Column not found: 1054 Unknown column 'amount' in 'field list' (SQL: CALL daily_report_new('2023-03-11'))
2023-03-13 05:10:02::: started cronjob
2023-03-13 05:10:02:::SQLSTATE[42S22]: Column not found: 1054 Unknown column 'amount' in 'field list' (SQL: CALL daily_report_new('2023-03-12'))
2023-03-14 05:10:01::: started cronjob
2023-03-14 05:10:01:::SQLSTATE[42S22]: Column not found: 1054 Unknown column 'amount' in 'field list' (SQL: CALL daily_report_new('2023-03-13'))
2023-03-15 05:10:02::: started cronjob
2023-03-15 05:10:02:::SQLSTATE[42S22]: Column not found: 1054 Unknown column 'amount' in 'field list' (SQL: CALL daily_report_new('2023-03-14'))
2023-03-16 05:10:01::: started cronjob
2023-03-16 05:10:01:::SQLSTATE[42S22]: Column not found: 1054 Unknown column 'amount' in 'field list' (SQL: CALL daily_report_new('2023-03-15'))
2023-03-17 05:10:01::: started cronjob
2023-03-17 05:10:01:::SQLSTATE[42S22]: Column not found: 1054 Unknown column 'amount' in 'field list' (SQL: CALL daily_report_new('2023-03-16'))
2023-03-18 05:10:01::: started cronjob
2023-03-18 05:10:01:::SQLSTATE[42S22]: Column not found: 1054 Unknown column 'amount' in 'field list' (SQL: CALL daily_report_new('2023-03-17'))
2023-03-19 05:10:01::: started cronjob
2023-03-19 05:10:01:::SQLSTATE[42S22]: Column not found: 1054 Unknown column 'amount' in 'field list' (SQL: CALL daily_report_new('2023-03-18'))
2023-03-20 05:10:02::: started cronjob
2023-03-20 05:10:02:::SQLSTATE[42S22]: Column not found: 1054 Unknown column 'amount' in 'field list' (SQL: CALL daily_report_new('2023-03-19'))
2023-03-21 05:10:01::: started cronjob
2023-03-21 05:10:01:::SQLSTATE[42S22]: Column not found: 1054 Unknown column 'amount' in 'field list' (SQL: CALL daily_report_new('2023-03-20'))
2023-03-22 05:10:02::: started cronjob
2023-03-22 05:10:02:::SQLSTATE[42S22]: Column not found: 1054 Unknown column 'amount' in 'field list' (SQL: CALL daily_report_new('2023-03-21'))
2023-03-23 05:10:01::: started cronjob
2023-03-23 05:10:01:::SQLSTATE[42S22]: Column not found: 1054 Unknown column 'amount' in 'field list' (SQL: CALL daily_report_new('2023-03-22'))
2023-03-24 05:10:01::: started cronjob
2023-03-24 05:10:01:::SQLSTATE[42S22]: Column not found: 1054 Unknown column 'amount' in 'field list' (SQL: CALL daily_report_new('2023-03-23'))
2023-03-25 05:10:01::: started cronjob
2023-03-25 05:10:01:::SQLSTATE[42S22]: Column not found: 1054 Unknown column 'amount' in 'field list' (SQL: CALL daily_report_new('2023-03-24'))
2023-03-26 05:10:01::: started cronjob
2023-03-26 05:10:01:::SQLSTATE[42S22]: Column not found: 1054 Unknown column 'amount' in 'field list' (SQL: CALL daily_report_new('2023-03-25'))
2023-03-27 05:10:01::: started cronjob
2023-03-27 05:10:01:::SQLSTATE[42S22]: Column not found: 1054 Unknown column 'amount' in 'field list' (SQL: CALL daily_report_new('2023-03-26'))
2023-03-28 05:10:01::: started cronjob
2023-03-28 05:10:01:::SQLSTATE[42S22]: Column not found: 1054 Unknown column 'amount' in 'field list' (SQL: CALL daily_report_new('2023-03-27'))
